
Showing logs for build [32mjenkins-x-labs-bot-bdd-gh-15871-9lrw2-1[0m stage [32mfrom-build-pack[0m and container [32mstep-credential-initializer-crzbt[0m
{"level":"warn","ts":1587137190.7191367,"logger":"fallback-logger","caller":"logging/config.go:69","msg":"Fetch GitHub commit ID from kodata failed: \"ref: refs/heads/0.8.0-**-support-backwards-incompats\" is not a valid GitHub commit ID"}
{"level":"info","ts":1587137190.7209792,"logger":"fallback-logger","caller":"creds-init/main.go:40","msg":"Credentials initialized."}

Showing logs for build [32mjenkins-x-labs-bot-bdd-gh-15871-9lrw2-1[0m stage [32mfrom-build-pack[0m and container [32mstep-working-dir-initializer-jdptt[0m
{"level":"warn","ts":1587137192.2682416,"logger":"fallback-logger","caller":"logging/config.go:69","msg":"Fetch GitHub commit ID from kodata failed: open /var/run/ko/HEAD: no such file or directory"}
{"level":"info","ts":1587137192.2702732,"logger":"fallback-logger","caller":"bash/main.go:64","msg":"Successfully executed command \"sh -c mkdir -p /workspace/source\"; output "}

Showing logs for build [32mjenkins-x-labs-bot-bdd-gh-15871-9lrw2-1[0m stage [32mfrom-build-pack[0m and container [32mstep-place-tools[0m

Showing logs for build [32mjenkins-x-labs-bot-bdd-gh-15871-9lrw2-1[0m stage [32mfrom-build-pack[0m and container [32mstep-git-source-jenkins-x-labs-bot-bdd-gh-15871-9lrw2-m982t[0m
{"level":"warn","ts":1587137259.328078,"logger":"fallback-logger","caller":"logging/config.go:69","msg":"Fetch GitHub commit ID from kodata failed: \"ref: refs/heads/0.8.0-**-support-backwards-incompats\" is not a valid GitHub commit ID"}
{"level":"info","ts":1587137260.38119,"logger":"fallback-logger","caller":"git/git.go:103","msg":"Successfully cloned https://github.com/******************/bdd-gh-1587137045.git @ v0.0.1 in path /workspace/source"}

Showing logs for build [32mjenkins-x-labs-bot-bdd-gh-15871-9lrw2-1[0m stage [32mfrom-build-pack[0m and container [32mstep-git-merge[0m
Using SHAs from PULL_REFS=master:
WARNING: no SHAs to merge, falling back to initial cloned commit

Showing logs for build [32mjenkins-x-labs-bot-bdd-gh-15871-9lrw2-1[0m stage [32mfrom-build-pack[0m and container [32mstep-setup-jx-git-credentials[0m
Generated Git credentials file /workspace/xdg_config/git/credentials

Showing logs for build [32mjenkins-x-labs-bot-bdd-gh-15871-9lrw2-1[0m stage [32mfrom-build-pack[0m and container [32mstep-build-make-build[0m
CGO_ENABLED=0 GO15VENDOREXPERIMENT=1 go build -ldflags '' -o bin/bdd-gh-1587137045 main.go

Showing logs for build [32mjenkins-x-labs-bot-bdd-gh-15871-9lrw2-1[0m stage [32mfrom-build-pack[0m and container [32mstep-build-container-build[0m
ERROR: logging before flag.Parse: E0417 15:27:50.472754      11 metadata.go:241] Failed to unmarshal scopes: invalid character 'h' looking for beginning of value
[36mINFO[0m[0000] No base image, nothing to extract            
[36mINFO[0m[0000] cmd: EXPOSE                                  
[36mINFO[0m[0000] Adding exposed port: 8080/tcp                
[36mINFO[0m[0000] Using files from context: [/workspace/source/bin] 
[36mINFO[0m[0000] Skipping unpacking as no commands require it. 
[36mINFO[0m[0000] Taking snapshot of full filesystem...        
[36mINFO[0m[0000] EXPOSE 8080                                  
[36mINFO[0m[0000] cmd: EXPOSE                                  
[36mINFO[0m[0000] Adding exposed port: 8080/tcp                
[36mINFO[0m[0000] No files changed in this command, skipping snapshotting. 
[36mINFO[0m[0000] ENTRYPOINT ["/bdd-gh-1587137045"]            
[36mINFO[0m[0000] No files changed in this command, skipping snapshotting. 
[36mINFO[0m[0000] Using files from context: [/workspace/source/bin] 
[36mINFO[0m[0000] COPY ./bin/ /                                
[36mINFO[0m[0000] Taking snapshot of files...                  
2020/04/17 15:27:54 pushed blob: sha256:44f695c3ba5e14e79309593c62626fe9e605d7106d09f06bba64a78f6ee15cfa
2020/04/17 15:27:55 pushed blob: sha256:26ab439bac70854ada26608953920437ad89a976e058d90d3893b8f2e32408b0
2020/04/17 15:27:56 gcr.io/jenkins-x-labs-bdd/bdd-gh-1587137045:0.0.1: digest: sha256:ca1ee72742a501b2f4326b0281cb48c3da0c27af5a3297588c1bad7b99368902 size: 428

Showing logs for build [32mjenkins-x-labs-bot-bdd-gh-15871-9lrw2-1[0m stage [32mfrom-build-pack[0m and container [32mstep-build-post-build[0m
no CVE provider running in the current ** namespace so skip adding image to be analysed

Showing logs for build [32mjenkins-x-labs-bot-bdd-gh-15871-9lrw2-1[0m stage [32mfrom-build-pack[0m and container [32mstep-promote-changelog[0m
Converted /workspace/source/charts/bdd-gh-1587137045 to an unshallow repository
Generating change log from git ref 42bfbb5f14a19ef8a4997bc1582402a9794c2658 => d2b25a69e9e874f3f243dd8c5bc94cb5337c636a
Associating user x-0 in users.jenkins.io with email jenkins-x-*****@googlegroups.com to git GitProvider user with login -0 as emails match
Adding label jenkins.io/git-github-userid=-0 to user x-0 in users.jenkins.io
WARNING: Failed to enrich commit 6aa78d37e30f861ab73f19121ba55ad4ac7f3f1b with issues: User.jenkins.io "x-0" is invalid: metadata.labels: Invalid value: "-0": a valid label must be an empty string or consist of alphanumeric characters, '-', '_' or '.', and must start and end with an alphanumeric character (e.g. 'MyValue',  or 'my_value',  or '12345', regex used for validation is '(([A-Za-z0-9][-A-Za-z0-9_.]*)?[A-Za-z0-9])?')
Finding issues in commit messages using git format
WARNING: No release found for ******************/bdd-gh-1587137045 and tag v0.0.1 so creating a new release
Updated the release information at https://github.com/******************/bdd-gh-1587137045/releases/tag/v0.0.1
generated: /workspace/source/charts/bdd-gh-1587137045/templates/release.yaml
Created Release bdd-gh-1587137045-0-0-1 resource in namespace **
Updating PipelineActivity ******************-bdd-gh-1587137045-master-1 with version 0.0.1
Updated PipelineActivities ******************-bdd-gh-1587137045-master-1 with release notes URL: https://github.com/******************/bdd-gh-1587137045/releases/tag/v0.0.1

Showing logs for build [32mjenkins-x-labs-bot-bdd-gh-15871-9lrw2-1[0m stage [32mfrom-build-pack[0m and container [32mstep-promote-helm-release[0m
WARNING: No $CHART_REPOSITORY defined so using the default value of: http://jenkins-x-chartmuseum:8080
Adding missing Helm repo: storage.googleapis.com https://storage.googleapis.com/chartmuseum.jenkins-x.io
Successfully added Helm repository storage.googleapis.com.
Adding missing Helm repo: jenkins-x-chartmuseum http://jenkins-x-chartmuseum:8080
Successfully added Helm repository jenkins-x-chartmuseum.
WARNING: No $CHART_REPOSITORY defined so using the default value of: http://jenkins-x-chartmuseum:8080
Uploading chart file bdd-gh-1587137045-0.0.1.tgz to http://jenkins-x-chartmuseum:8080/api/charts
Received 201 response: {"saved":true}

Showing logs for build [32mjenkins-x-labs-bot-bdd-gh-15871-9lrw2-1[0m stage [32mfrom-build-pack[0m and container [32mstep-promote-jx-promote[0m
WARNING: prow based install so skip waiting for the merge of Pull Requests to go green as currently there is an issue with gettingstatuses from the PR, see https://github.com/jenkins-x/**/issues/2410
WARNING: No $CHART_REPOSITORY defined so using the default value of: http://jenkins-x-chartmuseum:8080
Promoting app bdd-gh-1587137045 version 0.0.1 to namespace **-staging
WARNING: could not find upstream git URL failed to unmarshal  due to no GitConfDir defined
Created Pull Request: https://github.com/******************/environment-pr-1-32-bdd-gke-staging/pull/1
Added label updatebot to Pull Request https://github.com/******************/environment-pr-1-32-bdd-gke-staging/pull/1
got git provider status pending from PR https://github.com/******************/environment-pr-1-32-bdd-gke-staging/pull/1
got git provider status pending from PR https://github.com/******************/environment-pr-1-32-bdd-gke-staging/pull/1
got git provider status pending from PR https://github.com/******************/environment-pr-1-32-bdd-gke-staging/pull/1
got git provider status pending from PR https://github.com/******************/environment-pr-1-32-bdd-gke-staging/pull/1
Pull Request https://github.com/******************/environment-pr-1-32-bdd-gke-staging/pull/1 is merged at sha bafd370f5e5e7b286721d00819521bb77808e1a9
Pull Request merged but we are not waiting for the update pipeline to complete!
WARNING: Could not find the service URL in namespace **-staging for names bdd-gh-1587137045, **-bdd-gh-1587137045, **-staging-bdd-gh-1587137045
